<?xml version="1.0" encoding="UTF-8"?>
<testng-results ignored="0" total="1" passed="0" failed="1" skipped="0">
  <reporter-output>
  </reporter-output>
  <suite started-at="2022-07-19T16:00:34 IST" name="Default suite" finished-at="2022-07-19T16:00:35 IST" duration-ms="1713">
    <groups>
      <group name="cucumber">
        <method signature="AbstractTestNGCucumberTests.runScenario(io.cucumber.testng.PickleWrapper,io.cucumber.testng.FeatureWrapper)[pri:0, instance:runner.RunCuke@dd05255]" name="runScenario" class="io.cucumber.testng.AbstractTestNGCucumberTests"/>
      </group> <!-- cucumber -->
    </groups>
    <test started-at="2022-07-19T16:00:34 IST" name="Default test" finished-at="2022-07-19T16:00:35 IST" duration-ms="1713">
      <class name="runner.RunCuke">
        <test-method is-config="true" signature="setUpClass(org.testng.ITestContext)[pri:0, instance:runner.RunCuke@dd05255]" started-at="2022-07-19T16:00:34 IST" name="setUpClass" finished-at="2022-07-19T16:00:35 IST" duration-ms="1072" status="PASS">
          <params>
            <param index="0">
              <value>
                <![CDATA[org.testng.TestRunner@44d70181]]>
              </value>
            </param>
          </params>
          <reporter-output>
          </reporter-output>
        </test-method> <!-- setUpClass -->
        <test-method signature="runScenario(io.cucumber.testng.PickleWrapper,io.cucumber.testng.FeatureWrapper)[pri:0, instance:runner.RunCuke@dd05255]" started-at="2022-07-19T16:00:35 IST" name="runScenario" description="Runs Cucumber Scenarios" data-provider="scenarios" finished-at="2022-07-19T16:00:35 IST" duration-ms="434" status="FAIL">
          <params>
            <param index="0">
              <value>
                <![CDATA["Validate search car page"]]>
              </value>
            </param>
            <param index="1">
              <value>
                <![CDATA["Accepatance testing to validate search car page is working finr"]]>
              </value>
            </param>
          </params>
          <exception class="java.lang.NullPointerException">
            <message>
              <![CDATA[Cannot invoke "org.openqa.selenium.WebDriver.get(String)" because "utils.SeleniumDriver.driver" is null]]>
            </message>
            <full-stacktrace>
              <![CDATA[java.lang.NullPointerException: Cannot invoke "org.openqa.selenium.WebDriver.get(String)" because "utils.SeleniumDriver.driver" is null
at utils.SeleniumDriver.openPage(SeleniumDriver.java:30)
at stepdefs.SearchCarsSteps.i_am_on_the_homepage_of(SearchCarsSteps.java:23)
at ✽.I am on the Homepage of "https://www.carsguide.com.au/"(file:///C:/Users/apoorv/eclipse-workspace/u_cuc_zoho/src/test/resources/features/searchCar.feature:7)
]]>
            </full-stacktrace>
          </exception> <!-- java.lang.NullPointerException -->
          <reporter-output>
          </reporter-output>
        </test-method> <!-- runScenario -->
        <test-method is-config="true" signature="tearDownClass()[pri:0, instance:runner.RunCuke@dd05255]" started-at="2022-07-19T16:00:35 IST" name="tearDownClass" finished-at="2022-07-19T16:00:35 IST" duration-ms="100" status="PASS">
          <reporter-output>
          </reporter-output>
        </test-method> <!-- tearDownClass -->
      </class> <!-- runner.RunCuke -->
    </test> <!-- Default test -->
  </suite> <!-- Default suite -->
</testng-results>
