<?xml version="1.0" encoding="UTF-8"?>
<!-- Generated by org.testng.reporters.JUnitReportReporter -->
<testsuite hostname="apoorv" failures="0" tests="1" name="runner.RunCuke" time="0.434" errors="1" timestamp="2022-07-19T16:00:36 IST" skipped="0">
  <testcase classname="runner.RunCuke" name="runScenario" time="0.434">
    <error message="Cannot invoke &quot;org.openqa.selenium.WebDriver.get(String)&quot; because &quot;utils.SeleniumDriver.driver&quot; is null" type="java.lang.NullPointerException">
      <![CDATA[java.lang.NullPointerException: Cannot invoke "org.openqa.selenium.WebDriver.get(String)" because "utils.SeleniumDriver.driver" is null
at utils.SeleniumDriver.openPage(SeleniumDriver.java:30)
at stepdefs.SearchCarsSteps.i_am_on_the_homepage_of(SearchCarsSteps.java:23)
at ✽.I am on the Homepage of "https://www.carsguide.com.au/"(file:///C:/Users/apoorv/eclipse-workspace/u_cuc_zoho/src/test/resources/features/searchCar.feature:7)
]]>
    </error>
  </testcase> <!-- runScenario -->
  <system-out/>
</testsuite> <!-- runner.RunCuke -->
