<?xml version="1.0" encoding="UTF-8"?>
<!-- Generated by org.testng.reporters.JUnitXMLReporter -->
<testsuite ignored="0" hostname="apoorv" failures="1" tests="1" name="Default test" time="1.713" errors="0" timestamp="2022-07-19T16:00:35 IST">
  <testcase classname="io.cucumber.testng.AbstractTestNGCucumberTests" name="runScenario" time="0.434">
    <failure type="java.lang.NullPointerException" message="Cannot invoke &amp;quot;org.openqa.selenium.WebDriver.get(String)&amp;quot; because &amp;quot;utils.SeleniumDriver.driver&amp;quot; is null">
      <![CDATA[java.lang.NullPointerException: Cannot invoke "org.openqa.selenium.WebDriver.get(String)" because "utils.SeleniumDriver.driver" is null
at utils.SeleniumDriver.openPage(SeleniumDriver.java:30)
at stepdefs.SearchCarsSteps.i_am_on_the_homepage_of(SearchCarsSteps.java:23)
at ✽.I am on the Homepage of "https://www.carsguide.com.au/"(file:///C:/Users/apoorv/eclipse-workspace/u_cuc_zoho/src/test/resources/features/searchCar.feature:7)
]]>
    </failure>
  </testcase> <!-- runScenario -->
</testsuite> <!-- Default test -->
